<?xml version="1.0" encoding="UTF-8"?>
<!-- Generated by org.testng.reporters.JUnitReportReporter -->
<testsuite hostname="DESKTOP-7CI4QM4" failures="0" tests="1" name="com.metamask.qa.testcases.test" time="154.739" errors="0" timestamp="2022-12-01T13:14:42 PKT" skipped="0">
  <testcase classname="com.metamask.qa.testcases.test" name="sampleTest" time="154.739"/>
  <system-out/>
</testsuite> <!-- com.metamask.qa.testcases.test -->
